<?xml version="1.0" encoding="UTF-8"?>
<testng-results skipped="0" failed="1" ignored="0" total="1" passed="0">
  <reporter-output>
  </reporter-output>
  <suite name="Suite" duration-ms="28657" started-at="2020-05-30T11:10:18 IST" finished-at="2020-05-30T11:10:47 IST">
    <groups>
      <group name="funcationalTest">
        <method signature="TestCase_Sample001.sampleTest()[pri:0, instance:automation.palatable.TestCases.TestCase_Sample001@7c16905e]" name="sampleTest" class="automation.palatable.TestCases.TestCase_Sample001"/>
      </group> <!-- funcationalTest -->
      <group name="Smoketest">
        <method signature="TestCase_Sample001.sampleTest()[pri:0, instance:automation.palatable.TestCases.TestCase_Sample001@7c16905e]" name="sampleTest" class="automation.palatable.TestCases.TestCase_Sample001"/>
      </group> <!-- Smoketest -->
    </groups>
    <test name="Test" duration-ms="28657" started-at="2020-05-30T11:10:18 IST" finished-at="2020-05-30T11:10:47 IST">
      <class name="automation.palatable.TestCases.TestCase_Sample001">
        <test-method status="PASS" signature="setUp()[pri:0, instance:automation.palatable.TestCases.TestCase_Sample001@7c16905e]" name="setUp" is-config="true" duration-ms="28024" started-at="2020-05-30T11:10:18 IST" finished-at="2020-05-30T11:10:46 IST">
          <reporter-output>
          </reporter-output>
        </test-method> <!-- setUp -->
        <test-method status="FAIL" signature="sampleTest()[pri:0, instance:automation.palatable.TestCases.TestCase_Sample001@7c16905e]" name="sampleTest" duration-ms="29" started-at="2020-05-30T11:10:46 IST" finished-at="2020-05-30T11:10:46 IST">
          <exception class="java.lang.NullPointerException">
            <full-stacktrace>
              <![CDATA[java.lang.NullPointerException
at java.util.Objects.requireNonNull(Objects.java:203)
at org.openqa.selenium.support.ui.FluentWait.<init>(FluentWait.java:106)
at org.openqa.selenium.support.ui.WebDriverWait.<init>(WebDriverWait.java:85)
at org.openqa.selenium.support.ui.WebDriverWait.<init>(WebDriverWait.java:45)
at automation.palatable.TestCases.TestCase_Sample001.sampleTest(TestCase_Sample001.java:38)
at sun.reflect.NativeMethodAccessorImpl.invoke0(Native Method)
at sun.reflect.NativeMethodAccessorImpl.invoke(NativeMethodAccessorImpl.java:62)
at sun.reflect.DelegatingMethodAccessorImpl.invoke(DelegatingMethodAccessorImpl.java:43)
at java.lang.reflect.Method.invoke(Method.java:498)
at org.testng.internal.MethodInvocationHelper.invokeMethod(MethodInvocationHelper.java:133)
at org.testng.internal.TestInvoker.invokeMethod(TestInvoker.java:584)
at org.testng.internal.TestInvoker.invokeTestMethod(TestInvoker.java:172)
at org.testng.internal.MethodRunner.runInSequence(MethodRunner.java:46)
at org.testng.internal.TestInvoker$MethodInvocationAgent.invoke(TestInvoker.java:804)
at org.testng.internal.TestInvoker.invokeTestMethods(TestInvoker.java:145)
at org.testng.internal.TestMethodWorker.invokeTestMethods(TestMethodWorker.java:146)
at org.testng.internal.TestMethodWorker.run(TestMethodWorker.java:128)
at java.util.ArrayList.forEach(ArrayList.java:1257)
at org.testng.TestRunner.privateRun(TestRunner.java:770)
at org.testng.TestRunner.run(TestRunner.java:591)
at org.testng.SuiteRunner.runTest(SuiteRunner.java:402)
at org.testng.SuiteRunner.runSequentially(SuiteRunner.java:396)
at org.testng.SuiteRunner.privateRun(SuiteRunner.java:355)
at org.testng.SuiteRunner.run(SuiteRunner.java:304)
at org.testng.SuiteRunnerWorker.runSuite(SuiteRunnerWorker.java:53)
at org.testng.SuiteRunnerWorker.run(SuiteRunnerWorker.java:96)
at org.testng.TestNG.runSuitesSequentially(TestNG.java:1180)
at org.testng.TestNG.runSuitesLocally(TestNG.java:1102)
at org.testng.TestNG.runSuites(TestNG.java:1032)
at org.testng.TestNG.run(TestNG.java:1000)
at org.apache.maven.surefire.testng.TestNGExecutor.run(TestNGExecutor.java:283)
at org.apache.maven.surefire.testng.TestNGXmlTestSuite.execute(TestNGXmlTestSuite.java:75)
at org.apache.maven.surefire.testng.TestNGProvider.invoke(TestNGProvider.java:120)
at org.apache.maven.surefire.booter.ForkedBooter.invokeProviderInSameClassLoader(ForkedBooter.java:384)
at org.apache.maven.surefire.booter.ForkedBooter.runSuitesInProcess(ForkedBooter.java:345)
at org.apache.maven.surefire.booter.ForkedBooter.execute(ForkedBooter.java:126)
at org.apache.maven.surefire.booter.ForkedBooter.main(ForkedBooter.java:418)
]]>
            </full-stacktrace>
          </exception> <!-- java.lang.NullPointerException -->
          <reporter-output>
          </reporter-output>
        </test-method> <!-- sampleTest -->
        <test-method status="PASS" signature="tearDown()[pri:0, instance:automation.palatable.TestCases.TestCase_Sample001@7c16905e]" name="tearDown" is-config="true" duration-ms="552" started-at="2020-05-30T11:10:46 IST" finished-at="2020-05-30T11:10:47 IST">
          <reporter-output>
          </reporter-output>
        </test-method> <!-- tearDown -->
      </class> <!-- automation.palatable.TestCases.TestCase_Sample001 -->
    </test> <!-- Test -->
  </suite> <!-- Suite -->
</testng-results>
