-------------------------------------------------------------------------------
Test set: TestSuite
-------------------------------------------------------------------------------
Tests run: 1, Failures: 1, Errors: 0, Skipped: 0, Time elapsed: 39.428 s <<< FAILURE! - in TestSuite
sampleTest(automation.palatable.TestCases.TestCase_Sample001)  Time elapsed: 0.041 s  <<< FAILURE!
java.lang.NullPointerException
	at automation.palatable.TestCases.TestCase_Sample001.sampleTest(TestCase_Sample001.java:38)

