<?xml version="1.0" encoding="UTF-8"?>
<testng-results skipped="0" failed="0" ignored="0" total="1" passed="1">
  <reporter-output>
  </reporter-output>
  <suite name="Default suite" duration-ms="8609" started-at="2020-05-29T20:56:17 IST" finished-at="2020-05-29T20:56:26 IST">
    <groups>
    </groups>
    <test name="Default test" duration-ms="8609" started-at="2020-05-29T20:56:17 IST" finished-at="2020-05-29T20:56:26 IST">
      <class name="automation.palatable.TestCases.TestCase_Sample001">
        <test-method status="PASS" signature="setUp()[pri:0, instance:automation.palatable.TestCases.TestCase_Sample001@5e853265]" name="setUp" is-config="true" duration-ms="40441" started-at="2020-05-29T20:55:36 IST" finished-at="2020-05-29T20:56:17 IST">
          <reporter-output>
          </reporter-output>
        </test-method> <!-- setUp -->
        <test-method status="PASS" signature="sampleTest()[pri:0, instance:automation.palatable.TestCases.TestCase_Sample001@5e853265]" name="sampleTest" duration-ms="8562" started-at="2020-05-29T20:56:17 IST" finished-at="2020-05-29T20:56:26 IST">
          <reporter-output>
          </reporter-output>
        </test-method> <!-- sampleTest -->
        <test-method status="PASS" signature="tearDown()[pri:0, instance:automation.palatable.TestCases.TestCase_Sample001@5e853265]" name="tearDown" is-config="true" duration-ms="0" started-at="2020-05-29T20:56:31 IST" finished-at="2020-05-29T20:56:31 IST">
          <reporter-output>
          </reporter-output>
        </test-method> <!-- tearDown -->
      </class> <!-- automation.palatable.TestCases.TestCase_Sample001 -->
    </test> <!-- Default test -->
  </suite> <!-- Default suite -->
</testng-results>
