<?xml version="1.0" encoding="UTF-8"?>
<testng-results skipped="0" failed="0" ignored="0" total="1" passed="1">
  <reporter-output>
  </reporter-output>
  <suite name="Somke Test" duration-ms="46" started-at="2020-05-26T23:57:56 IST" finished-at="2020-05-26T23:57:56 IST">
    <groups>
    </groups>
    <test name="Sample Test" duration-ms="46" started-at="2020-05-26T23:57:56 IST" finished-at="2020-05-26T23:57:56 IST">
      <class name="automation.palatable.ios.TestCase_Sample001">
        <test-method status="PASS" signature="setUp()[pri:0, instance:automation.palatable.ios.TestCase_Sample001@5e853265]" name="setUp" is-config="true" duration-ms="40350" started-at="2020-05-26T23:57:16 IST" finished-at="2020-05-26T23:57:56 IST">
          <reporter-output>
          </reporter-output>
        </test-method> <!-- setUp -->
        <test-method status="PASS" signature="sampleTest()[pri:0, instance:automation.palatable.ios.TestCase_Sample001@5e853265]" name="sampleTest" duration-ms="6" started-at="2020-05-26T23:57:56 IST" finished-at="2020-05-26T23:57:56 IST">
          <reporter-output>
          </reporter-output>
        </test-method> <!-- sampleTest -->
        <test-method status="FAIL" signature="tearDown()[pri:0, instance:automation.palatable.ios.TestCase_Sample001@5e853265]" name="tearDown" is-config="true" duration-ms="596" started-at="2020-05-26T23:58:01 IST" finished-at="2020-05-26T23:58:02 IST">
          <exception class="java.lang.NullPointerException">
            <full-stacktrace>
              <![CDATA[java.lang.NullPointerException
at automation.palatable.ios.BaseClass.tearDown(BaseClass.java:39)
at sun.reflect.NativeMethodAccessorImpl.invoke0(Native Method)
at sun.reflect.NativeMethodAccessorImpl.invoke(NativeMethodAccessorImpl.java:62)
at sun.reflect.DelegatingMethodAccessorImpl.invoke(DelegatingMethodAccessorImpl.java:43)
at java.lang.reflect.Method.invoke(Method.java:498)
at org.testng.internal.MethodInvocationHelper.invokeMethod(MethodInvocationHelper.java:133)
at org.testng.internal.MethodInvocationHelper.invokeMethodConsideringTimeout(MethodInvocationHelper.java:62)
at org.testng.internal.ConfigInvoker.invokeConfigurationMethod(ConfigInvoker.java:340)
at org.testng.internal.ConfigInvoker.invokeConfigurations(ConfigInvoker.java:294)
at org.testng.SuiteRunner.privateRun(SuiteRunner.java:369)
at org.testng.SuiteRunner.run(SuiteRunner.java:304)
at org.testng.SuiteRunnerWorker.runSuite(SuiteRunnerWorker.java:53)
at org.testng.SuiteRunnerWorker.run(SuiteRunnerWorker.java:96)
at org.testng.TestNG.runSuitesSequentially(TestNG.java:1180)
at org.testng.TestNG.runSuitesLocally(TestNG.java:1102)
at org.testng.TestNG.runSuites(TestNG.java:1032)
at org.testng.TestNG.run(TestNG.java:1000)
at org.testng.remote.AbstractRemoteTestNG.run(AbstractRemoteTestNG.java:115)
at org.testng.remote.RemoteTestNG.initAndRun(RemoteTestNG.java:251)
at org.testng.remote.RemoteTestNG.main(RemoteTestNG.java:77)
]]>
            </full-stacktrace>
          </exception> <!-- java.lang.NullPointerException -->
          <reporter-output>
          </reporter-output>
        </test-method> <!-- tearDown -->
      </class> <!-- automation.palatable.ios.TestCase_Sample001 -->
    </test> <!-- Sample Test -->
  </suite> <!-- Somke Test -->
</testng-results>
