<?xml version="1.0" encoding="UTF-8"?>
<!-- Generated by org.testng.reporters.JUnitXMLReporter -->
<testsuite hostname="Admins-MacBook-Pro.local" ignored="0" name="Sample Test" tests="1" failures="1" timestamp="2020-05-28T00:28:07 IST" time="0.035" errors="0">
  <testcase name="sampleTest" time="0.004" classname="automation.palatable.ios.TestCase_Sample001">
    <failure type="java.lang.NullPointerException">
      <![CDATA[java.lang.NullPointerException
at automation.palatable.ios.TestCase_Sample001.sampleTest(TestCase_Sample001.java:20)
at java.util.ArrayList.forEach(ArrayList.java:1257)
... Removed 31 stack frames]]>
    </failure>
  </testcase> <!-- sampleTest -->
</testsuite> <!-- Sample Test -->
